2011-07-12T14:22:06 Checking update-file '/usr/share/apps/kconf_update/mailtransports.upd' for new updates
2011-07-12T14:22:06 mailtransports.upd: Found new update 'initial-kmail-migration'
2011-07-12T14:22:06 mailtransports.upd: File 'kmailrc' does not exist or empty, skipping
2011-07-12T14:22:06 mailtransports.upd: Found new update 'initial-knode-migration'
2011-07-12T14:22:06 mailtransports.upd: File 'knoderc' does not exist or empty, skipping
2011-07-12T14:22:06 Checking update-file '/usr/share/apps/kconf_update/kcookiescfg.upd' for new updates
2011-07-12T14:22:06 kcookiescfg.upd: Found new update 'kde2.2/b1'
2011-07-12T14:22:06 kcookiescfg.upd: File 'kcookiejarrc' does not exist or empty, skipping
2011-07-12T14:22:06 kcookiescfg.upd: Found new update 'kde3.1/cvs'
2011-07-12T14:22:06 kcookiescfg.upd: File 'kcookiejarrc' does not exist or empty, skipping
2011-07-12T14:22:06 Checking update-file '/usr/share/apps/kconf_update/devicepreference.upd' for new updates
2011-07-12T14:22:06 devicepreference.upd: Found new update 'DevicesMovedToPlatformPlugin'
2011-07-12T14:22:06 devicepreference.upd: Running script 'phonon_devicepreference_update'
2011-07-12T14:22:06 devicepreference.upd: Found new update 'DevicesUIDsChanged'
2011-07-12T14:22:06 devicepreference.upd: Running script 'phonon_deviceuids_update'
2011-07-12T14:22:06 Checking update-file '/usr/share/apps/kconf_update/kwin3_plugin.upd' for new updates
2011-07-12T14:22:06 kwin3_plugin.upd: Found new update 'kde3.2'
2011-07-12T14:22:06 kwin3_plugin.upd: File 'kwinrc' does not exist or empty, skipping
2011-07-12T14:22:06 Checking update-file '/usr/share/apps/kconf_update/kopete-update_yahoo_server.upd' for new updates
2011-07-12T14:22:06 kopete-update_yahoo_server.upd: Found new update 'kopete-update-yahoo-server/r1'
2011-07-12T14:22:06 kopete-update_yahoo_server.upd: Running script 'kopete-update_yahoo_server.pl'
2011-07-12T14:22:06 Checking update-file '/usr/share/apps/kconf_update/kdesvnpartrc-use-external.upd' for new updates
2011-07-12T14:22:06 kdesvnpartrc-use-external.upd: Found new update '0.14.0-1'
2011-07-12T14:22:06 kdesvnpartrc-use-external.upd: File 'kdesvnpartrc' does not exist or empty, skipping
2011-07-12T14:22:06 Checking update-file '/usr/share/apps/kconf_update/kcalcrc.upd' for new updates
2011-07-12T14:22:06 kcalcrc.upd: Found new update 'KDE_3_2_0'
2011-07-12T14:22:06 kcalcrc.upd: File 'kcalcrc' does not exist or empty, skipping
2011-07-12T14:22:06 kcalcrc.upd: Found new update 'KDE_4_3_0'
2011-07-12T14:22:06 kcalcrc.upd: File 'kcalcrc' does not exist or empty, skipping
2011-07-12T14:22:06 Checking update-file '/usr/share/apps/kconf_update/plasmarc-to-plasmadesktoprc.upd' for new updates
2011-07-12T14:22:06 plasmarc-to-plasmadesktoprc.upd: Found new update '4.3plasma-desktop'
2011-07-12T14:22:06 plasmarc-to-plasmadesktoprc.upd: Running script 'plasma-to-plasma-desktop'
2011-07-12T14:22:06 Checking update-file '/usr/share/apps/kconf_update/kwin_focus2.upd' for new updates
2011-07-12T14:22:06 kwin_focus2.upd: Found new update 'kwin_focus2'
2011-07-12T14:22:06 kwin_focus2.upd: File 'kwinrc' does not exist or empty, skipping
2011-07-12T14:22:06 Checking update-file '/usr/share/apps/kconf_update/kopete-initialstatus.upd' for new updates
2011-07-12T14:22:06 kopete-initialstatus.upd: Found new update 'kopete0.60.80/r1'
2011-07-12T14:22:06 kopete-initialstatus.upd: Running script 'kopete-initialstatus.pl'
2011-07-12T14:22:06 kopete-initialstatus.upd: Script removes kopeterc:Behavior:autoConnect
2011-07-12T14:22:06 Checking update-file '/usr/share/apps/kconf_update/ksmserver_shortcuts.upd' for new updates
2011-07-12T14:22:06 ksmserver_shortcuts.upd: Found new update 'kde45'
2011-07-12T14:22:06 ksmserver_shortcuts.upd: File 'kglobalshortcutsrc' does not exist or empty, skipping
2011-07-12T14:22:06 Checking update-file '/usr/share/apps/kconf_update/mouse_cursor_theme.upd' for new updates
2011-07-12T14:22:06 mouse_cursor_theme.upd: Found new update 'kde3.4.99'
2011-07-12T14:22:06 mouse_cursor_theme.upd: File 'kdeglobals' does not exist or empty, skipping
2011-07-12T14:22:06 Checking update-file '/usr/share/apps/kconf_update/kmail.upd' for new updates
2011-07-12T14:22:06 kmail.upd: Found new update '1'
2011-07-12T14:22:06 kmail.upd: File 'kmail2rc' does not exist or empty, skipping
2011-07-12T14:22:06 kmail.upd: Found new update '4'
2011-07-12T14:22:06 kmail.upd: File 'kmail2rc' does not exist or empty, skipping
2011-07-12T14:22:06 kmail.upd: Found new update '5'
2011-07-12T14:22:06 kmail.upd: File 'kmail2rc' does not exist or empty, skipping
2011-07-12T14:22:06 kmail.upd: File 'kpgprc' does not exist or empty, skipping
2011-07-12T14:22:06 kmail.upd: Found new update '6'
2011-07-12T14:22:06 kmail.upd: File 'kmail2rc' does not exist or empty, skipping
2011-07-12T14:22:06 kmail.upd: Found new update '7'
2011-07-12T14:22:06 kmail.upd: File 'kmail2rc' does not exist or empty, skipping
2011-07-12T14:22:06 kmail.upd: Found new update '8'
2011-07-12T14:22:06 kmail.upd: File 'kmail2rc' does not exist or empty, skipping
2011-07-12T14:22:06 kmail.upd: Found new update '9'
2011-07-12T14:22:06 kmail.upd: File 'kmail2rc' does not exist or empty, skipping
2011-07-12T14:22:06 kmail.upd: Found new update '3.1-update-identities'
2011-07-12T14:22:06 kmail.upd: File 'kmail2rc' does not exist or empty, skipping
2011-07-12T14:22:06 kmail.upd: Found new update '3.1-use-identity-uoids'
2011-07-12T14:22:06 kmail.upd: File 'kmail2rc' does not exist or empty, skipping
2011-07-12T14:22:06 kmail.upd: Found new update '3.1-new-mail-notification'
2011-07-12T14:22:06 kmail.upd: File 'kmail2rc' does not exist or empty, skipping
2011-07-12T14:22:06 kmail.upd: Found new update '3.2-update-loop-on-goto-unread-settings'
2011-07-12T14:22:06 kmail.upd: File 'kmail2rc' does not exist or empty, skipping
2011-07-12T14:22:06 kmail.upd: Found new update '3.1.4-dont-use-UOID-0-for-any-identity'
2011-07-12T14:22:06 kmail.upd: File 'kmail2rc' does not exist or empty, skipping
2011-07-12T14:22:06 kmail.upd: Found new update '3.2-misc'
2011-07-12T14:22:06 kmail.upd: File 'kmail2rc' does not exist or empty, skipping
2011-07-12T14:22:06 kmail.upd: Found new update '3.2-moves'
2011-07-12T14:22:06 kmail.upd: File 'kmail2rc' does not exist or empty, skipping
2011-07-12T14:22:06 kmail.upd: Found new update '3.3-use-ID-for-accounts'
2011-07-12T14:22:06 kmail.upd: File 'kmail2rc' does not exist or empty, skipping
2011-07-12T14:22:06 kmail.upd: Found new update '3.3-update-filter-rules'
2011-07-12T14:22:06 kmail.upd: File 'kmail2rc' does not exist or empty, skipping
2011-07-12T14:22:06 kmail.upd: Found new update '3.3-move-identities-to-own-file'
2011-07-12T14:22:06 kmail.upd: File 'kmail2rc' does not exist or empty, skipping
2011-07-12T14:22:06 kmail.upd: Found new update '3.3-aegypten-kpgprc-to-kmailrc'
2011-07-12T14:22:06 kmail.upd: File 'kpgprc' does not exist or empty, skipping
2011-07-12T14:22:06 kmail.upd: Found new update '3.3-aegypten-kpgprc-to-libkleopatrarc'
2011-07-12T14:22:06 kmail.upd: File 'kpgprc' does not exist or empty, skipping
2011-07-12T14:22:06 kmail.upd: Found new update '3.3-aegypten-emailidentities-split-sign-encr-keys'
2011-07-12T14:22:06 kmail.upd: File 'emailidentities' does not exist or empty, skipping
2011-07-12T14:22:06 kmail.upd: Found new update '3.3-misc'
2011-07-12T14:22:06 kmail.upd: File 'kmail2rc' does not exist or empty, skipping
2011-07-12T14:22:06 kmail.upd: Found new update '3.3b1-misc'
2011-07-12T14:22:06 kmail.upd: File 'kmail2rc' does not exist or empty, skipping
2011-07-12T14:22:06 kmail.upd: Found new update '3.4'
2011-07-12T14:22:06 kmail.upd: File 'kmail2rc' does not exist or empty, skipping
2011-07-12T14:22:06 kmail.upd: Found new update '3.4a'
2011-07-12T14:22:06 kmail.upd: File 'kmail2rc' does not exist or empty, skipping
2011-07-12T14:22:06 kmail.upd: Found new update '3.4b'
2011-07-12T14:22:06 kmail.upd: File 'kmail2rc' does not exist or empty, skipping
2011-07-12T14:22:06 kmail.upd: Found new update '3.4.1'
2011-07-12T14:22:06 kmail.upd: File 'kmail2rc' does not exist or empty, skipping
2011-07-12T14:22:06 kmail.upd: Found new update '3.5.4'
2011-07-12T14:22:06 kmail.upd: File 'kmail2rc' does not exist or empty, skipping
2011-07-12T14:22:06 kmail.upd: Found new update '3.5.7-imap-flag-migration'
2011-07-12T14:22:06 kmail.upd: File 'kmail2rc' does not exist or empty, skipping
2011-07-12T14:22:06 kmail.upd: Found new update '4.0-misc'
2011-07-12T14:22:06 kmail.upd: File 'kmail2rc' does not exist or empty, skipping
2011-07-12T14:22:06 kmail.upd: Found new update '4.2'
2011-07-12T14:22:06 kmail.upd: File 'kmail2rc' does not exist or empty, skipping
2011-07-12T14:22:06 kmail.upd: Found new update '4.4-akonadi'
2011-07-12T14:22:06 kmail.upd: File 'kmail2rc' does not exist or empty, skipping
2011-07-12T14:22:06 kmail.upd: Found new update '4.6-akonadi'
2011-07-12T14:22:06 kmail.upd: File 'kmail2rc' does not exist or empty, skipping
2011-07-12T14:22:06 kmail.upd: Found new update '4.6-before-migrate-akonadi'
2011-07-12T14:22:06 kmail.upd: File 'kmailrc' does not exist or empty, skipping
2011-07-12T14:22:06 Checking update-file '/usr/share/apps/kconf_update/kuriikwsfilter.upd' for new updates
2011-07-12T14:22:06 kuriikwsfilter.upd: Found new update 'post-kde3.1/cvs'
2011-07-12T14:22:06 kuriikwsfilter.upd: File 'kuriikwsfilterrc' does not exist or empty, skipping
2011-07-12T14:22:06 Checking update-file '/usr/share/apps/kconf_update/kioslave.upd' for new updates
2011-07-12T14:22:06 kioslave.upd: Found new update 'kde2.2/r1'
2011-07-12T14:22:06 kioslave.upd: File 'kioslaverc' does not exist or empty, skipping
2011-07-12T14:22:06 kioslave.upd: Skipping update 'kde2.2/r1'
2011-07-12T14:22:06 kioslave.upd: File 'kioslaverc' does not exist or empty, skipping
2011-07-12T14:22:06 kioslave.upd: Found new update 'kde2.2/r2'
2011-07-12T14:22:06 kioslave.upd: File 'kioslaverc' does not exist or empty, skipping
2011-07-12T14:22:06 kioslave.upd: Found new update 'kde2.2/r3'
2011-07-12T14:22:06 kioslave.upd: File 'kioslaverc' does not exist or empty, skipping
2011-07-12T14:22:06 Checking update-file '/usr/share/apps/kconf_update/kopete-pluginloader.upd' for new updates
2011-07-12T14:22:06 kopete-pluginloader.upd: Found new update 'kopete0.7/r1'
2011-07-12T14:22:06 kopete-pluginloader.upd: Running script 'kopete-pluginloader.pl'
2011-07-12T14:22:06 kopete-pluginloader.upd: Script removes kopeterc::Modules
2011-07-12T14:22:06 Checking update-file '/usr/share/apps/kconf_update/kalarm.upd' for new updates
2011-07-12T14:22:06 kalarm.upd: Found new update '1.9.5'
2011-07-12T14:22:06 kalarm.upd: File 'kalarmrc' does not exist or empty, skipping
2011-07-12T14:22:06 kalarm.upd: Found new update '1.9.9'
2011-07-12T14:22:06 kalarm.upd: File 'kalarmrc' does not exist or empty, skipping
2011-07-12T14:22:06 kalarm.upd: Found new update '1.9.12'
2011-07-12T14:22:06 kalarm.upd: File 'kalarmrc' does not exist or empty, skipping
2011-07-12T14:22:06 kalarm.upd: Found new update '2.0.0'
2011-07-12T14:22:06 kalarm.upd: File 'kalarmrc' does not exist or empty, skipping
2011-07-12T14:22:06 kalarm.upd: Found new update '2.0.2'
2011-07-12T14:22:06 kalarm.upd: File 'kalarmrc' does not exist or empty, skipping
2011-07-12T14:22:06 kalarm.upd: Found new update '2.1.5'
2011-07-12T14:22:06 kalarm.upd: File 'kalarmrc' does not exist or empty, skipping
2011-07-12T14:22:06 kalarm.upd: Found new update '2.3.2'
2011-07-12T14:22:06 kalarm.upd: File 'kalarmrc' does not exist or empty, skipping
2011-07-12T14:22:06 Checking update-file '/usr/share/apps/kconf_update/kwin.upd' for new updates
2011-07-12T14:22:06 kwin.upd: Found new update 'kde3.0r1'
2011-07-12T14:22:06 kwin.upd: File 'kwinrc' does not exist or empty, skipping
2011-07-12T14:22:06 kwin.upd: Found new update 'kde3.2Xinerama'
2011-07-12T14:22:06 kwin.upd: File 'kwinrc' does not exist or empty, skipping
2011-07-12T14:22:06 Checking update-file '/usr/share/apps/kconf_update/plasma_popupapplet_fix_groups.upd' for new updates
2011-07-12T14:22:06 plasma_popupapplet_fix_groups.upd: Found new update 'PlasmaPopupAppletFixGroups1'
2011-07-12T14:22:06 plasma_popupapplet_fix_groups.upd: File 'plasma-appletsrc' does not exist or empty, skipping
2011-07-12T14:22:06 plasma_popupapplet_fix_groups.upd: Found new update 'PlasmaPopupAppletFixGroups2'
2011-07-12T14:22:06 plasma_popupapplet_fix_groups.upd: File 'plasmarc' does not exist or empty, skipping
2011-07-12T14:22:06 plasma_popupapplet_fix_groups.upd: Found new update 'PlasmaPopupAppletFixGroups3'
2011-07-12T14:22:06 plasma_popupapplet_fix_groups.upd: File 'plasmoidviewer-appletsrc' does not exist or empty, skipping
2011-07-12T14:22:06 Checking update-file '/usr/share/apps/kconf_update/ksmserver.upd' for new updates
2011-07-12T14:22:06 ksmserver.upd: Found new update 'kde3'
2011-07-12T14:22:06 ksmserver.upd: File 'ksmserverrc' does not exist or empty, skipping
2011-07-12T14:22:06 Checking update-file '/usr/share/apps/kconf_update/kcharselect.upd' for new updates
2011-07-12T14:22:06 kcharselect.upd: Found new update '1'
2011-07-12T14:22:06 kcharselect.upd: File 'kcharselectrc' does not exist or empty, skipping
2011-07-12T14:22:06 Checking update-file '/usr/share/apps/kconf_update/kpgp.upd' for new updates
2011-07-12T14:22:06 kpgp.upd: Found new update 'preKDE3_a'
2011-07-12T14:22:06 kpgp.upd: File 'kpgprc' does not exist or empty, skipping
2011-07-12T14:22:06 kpgp.upd: Found new update '3.1-1'
2011-07-12T14:22:06 kpgp.upd: File 'kpgprc' does not exist or empty, skipping
2011-07-12T14:22:06 Checking update-file '/usr/share/apps/kconf_update/plasma-to-plasmadesktop-shortcuts.upd' for new updates
2011-07-12T14:22:06 plasma-to-plasmadesktop-shortcuts.upd: Found new update '4.3plasma-desktop-shortcuts'
2011-07-12T14:22:06 plasma-to-plasmadesktop-shortcuts.upd: File 'kglobalshortcutsrc' does not exist or empty, skipping
2011-07-12T14:22:06 Checking update-file '/usr/share/apps/kconf_update/korganizer.upd' for new updates
2011-07-12T14:22:06 korganizer.upd: Found new update 'korganizer_3.4_GroupwareCleanup'
2011-07-12T14:22:06 korganizer.upd: File 'korganizerrc' does not exist or empty, skipping
2011-07-12T14:22:06 korganizer.upd: Found new update 'korganizer_3.4_WebExport'
2011-07-12T14:22:06 korganizer.upd: File 'korganizerrc' does not exist or empty, skipping
2011-07-12T14:22:06 korganizer.upd: Found new update 'korganizer_3.4_FilterAction'
2011-07-12T14:22:06 korganizer.upd: File 'korganizerrc' does not exist or empty, skipping
2011-07-12T14:22:06 korganizer.upd: Found new update 'korganizer_3.4_HolidayPlugin'
2011-07-12T14:22:06 korganizer.upd: File 'korganizerrc' does not exist or empty, skipping
2011-07-12T14:22:06 korganizer.upd: Found new update 'korganizer_4.3_ShowTodos'
2011-07-12T14:22:06 korganizer.upd: File 'korganizerrc' does not exist or empty, skipping
2011-07-12T14:22:06 korganizer.upd: Found new update 'korganizer_4.4_MoveFreeBusy'
2011-07-12T14:22:06 korganizer.upd: File 'korganizerrc' does not exist or empty, skipping
2011-07-12T14:22:06 Checking update-file '/usr/share/apps/kconf_update/kwin_window_shortcuts.upd' for new updates
2011-07-12T14:22:06 kwin_window_shortcuts.upd: Found new update 'kde414'
2011-07-12T14:22:06 kwin_window_shortcuts.upd: File 'kglobalshortcutsrc' does not exist or empty, skipping
2011-07-12T14:22:06 Checking update-file '/usr/share/apps/kconf_update/kopete-nameTracking.upd' for new updates
2011-07-12T14:22:06 kopete-nameTracking.upd: Found new update 'kopete0.9/r1'
2011-07-12T14:22:06 kopete-nameTracking.upd:3:'Script=kopete-nameTracking-kconf_update': Script 'kopete-nameTracking-kconf_update' not found
2011-07-12T14:22:06 Checking update-file '/usr/share/apps/kconf_update/plasma-add-shortcut-to-menu.upd' for new updates
2011-07-12T14:22:06 plasma-add-shortcut-to-menu.upd: Found new update '4.1LauncherShortcut'
2011-07-12T14:22:06 plasma-add-shortcut-to-menu.upd:2:'Script=plasma-add-shortcut-to-menu-update': Script 'plasma-add-shortcut-to-menu-update' not found
2011-07-12T14:22:06 Checking update-file '/usr/share/apps/kconf_update/cervisia.upd' for new updates
2011-07-12T14:22:06 cervisia.upd: Found new update 'kde3.2/20021228'
2011-07-12T14:22:06 cervisia.upd: File 'cervisiapartrc' does not exist or empty, skipping
2011-07-12T14:22:06 cervisia.upd: Found new update 'kde3.2/20021229'
2011-07-12T14:22:06 cervisia.upd: File 'cervisiapartrc' does not exist or empty, skipping
2011-07-12T14:22:06 cervisia.upd: Found new update 'kde3.2/20030116'
2011-07-12T14:22:06 cervisia.upd: File 'cervisiapartrc' does not exist or empty, skipping
2011-07-12T14:22:06 cervisia.upd: File 'cervisiarc' does not exist or empty, skipping
2011-07-12T14:22:06 cervisia.upd: Found new update 'kde3.2/20030117'
2011-07-12T14:22:06 cervisia.upd: File 'cervisiapartrc' does not exist or empty, skipping
2011-07-12T14:22:06 cervisia.upd: Found new update 'kde3.2/20030118'
2011-07-12T14:22:06 cervisia.upd: File 'cervisiapartrc' does not exist or empty, skipping
2011-07-12T14:22:06 cervisia.upd: Skipping update 'kde3.2/20030118'
2011-07-12T14:22:06 cervisia.upd: File 'cervisiapartrc' does not exist or empty, skipping
2011-07-12T14:22:06 cervisia.upd: Found new update 'kde3.2/20030205'
2011-07-12T14:22:06 cervisia.upd: File 'cervisiapartrc' does not exist or empty, skipping
2011-07-12T14:22:06 cervisia.upd: Found new update 'kde3.2/20030210'
2011-07-12T14:22:06 cervisia.upd: File 'cervisiapartrc' does not exist or empty, skipping
2011-07-12T14:22:06 cervisia.upd: Found new update 'kde3.2/20030211'
2011-07-12T14:22:06 cervisia.upd: File 'cervisiapartrc' does not exist or empty, skipping
2011-07-12T14:22:06 cervisia.upd: Found new update 'kde3.2/20030212'
2011-07-12T14:22:06 cervisia.upd: File 'cervisiapartrc' does not exist or empty, skipping
2011-07-12T14:22:06 cervisia.upd: Found new update 'kde3.2/20030216'
2011-07-12T14:22:06 cervisia.upd: File 'cervisiapartrc' does not exist or empty, skipping
2011-07-12T14:22:06 cervisia.upd: Found new update 'kde3.2/20030725'
2011-07-12T14:22:06 cervisia.upd: File 'cervisiapartrc' does not exist or empty, skipping
2011-07-12T14:22:06 cervisia.upd: Found new update 'kde3.2/20030730'
2011-07-12T14:22:06 cervisia.upd: File 'cervisiapartrc' does not exist or empty, skipping
2011-07-12T14:22:06 cervisia.upd: Found new update 'kde3.2/20030829'
2011-07-12T14:22:06 cervisia.upd: File 'cervisiapartrc' does not exist or empty, skipping
2011-07-12T14:22:06 cervisia.upd: Found new update 'kde3.2/20031014'
2011-07-12T14:22:06 cervisia.upd: File 'cervisiapartrc' does not exist or empty, skipping
2011-07-12T14:22:06 cervisia.upd: Found new update 'kde3.4/20041112'
2011-07-12T14:22:06 cervisia.upd: File 'cvsservicerc' does not exist or empty, skipping
2011-07-12T14:22:06 cervisia.upd: Found new update 'kde3.4/20041207'
2011-07-12T14:22:06 cervisia.upd: File 'cervisiapartrc' does not exist or empty, skipping
2011-07-12T14:22:06 Checking update-file '/usr/share/apps/kconf_update/klickety.upd' for new updates
2011-07-12T14:22:06 klickety.upd: Found new update 'klickety-2.0-inherit-ksame-highscore'
2011-07-12T14:22:06 klickety.upd: File 'ksamerc' does not exist or empty, skipping
2011-07-12T14:22:06 Checking update-file '/usr/share/apps/kconf_update/kopete-account-kconf_update.upd' for new updates
2011-07-12T14:22:06 kopete-account-kconf_update.upd: Found new update 'kopete0.7/r1'
2011-07-12T14:22:06 kopete-account-kconf_update.upd: Running script 'kopete-account-kconf_update.sh'
2011-07-12T14:22:06 [Script] /usr/share/apps/kconf_update/kopete-account-kconf_update.sh: line 9: kde-config: command not found
2011-07-12T14:22:06 kopete-account-kconf_update.upd: Found new update 'kopete0.10/r1'
2011-07-12T14:22:06 kopete-account-kconf_update.upd: Running script 'kopete-account-0.10.pl'
2011-07-12T14:22:06 Checking update-file '/usr/share/apps/kconf_update/kopete-gaim_to_pidgin_style.upd' for new updates
2011-07-12T14:22:06 kopete-gaim_to_pidgin_style.upd: Found new update 'kopete0.70.85/r1'
2011-07-12T14:22:06 kopete-gaim_to_pidgin_style.upd: Running script 'kopete-gaim_to_pidgin_style.pl'
2011-07-12T14:22:06 Checking update-file '/usr/share/apps/kconf_update/kwinsticky.upd' for new updates
2011-07-12T14:22:06 kwinsticky.upd: Found new update 'stickyupd3.1'
2011-07-12T14:22:06 kwinsticky.upd: File 'kwin.eventsrc' does not exist or empty, skipping
2011-07-12T14:22:06 Checking update-file '/usr/share/apps/kconf_update/klipper-kconfigxt.upd' for new updates
2011-07-12T14:22:06 klipper-kconfigxt.upd: Found new update 'KlipperNoSpacesInKeyNames'
2011-07-12T14:22:06 klipper-kconfigxt.upd: File 'klipperrc' does not exist or empty, skipping
2011-07-12T14:22:06 Checking update-file '/usr/share/apps/kconf_update/katomic-levelset.upd' for new updates
2011-07-12T14:22:06 katomic-levelset.upd: Found new update 'katomic_levelset_config_update'
2011-07-12T14:22:06 katomic-levelset.upd: File 'katomicrc' does not exist or empty, skipping
2011-07-12T14:22:06 Checking update-file '/usr/share/apps/kconf_update/kwin_focus1.upd' for new updates
2011-07-12T14:22:06 kwin_focus1.upd: Found new update 'kwin_focus1'
2011-07-12T14:22:06 kwin_focus1.upd: File 'kwinrc' does not exist or empty, skipping
2011-07-12T14:22:06 Checking update-file '/usr/share/apps/kconf_update/kopete-jabberproxytype-kconf_update.upd' for new updates
2011-07-12T14:22:06 kopete-jabberproxytype-kconf_update.upd: Found new update 'kopete0.9/r1'
2011-07-12T14:22:06 kopete-jabberproxytype-kconf_update.upd: Running script 'kopete-jabberproxytype-kconf_update.sh'
2011-07-12T14:22:06 Checking update-file '/usr/share/apps/kconf_update/kcmcddb-emailsettings.upd' for new updates
2011-07-12T14:22:06 kcmcddb-emailsettings.upd: Found new update 'kcmcddb_emailsettings'
2011-07-12T14:22:06 kcmcddb-emailsettings.upd: File 'kcmcddbrc' does not exist or empty, skipping
2011-07-12T14:22:06 Checking update-file '/usr/share/apps/kconf_update/kopete-update_icq_server.upd' for new updates
2011-07-12T14:22:06 kopete-update_icq_server.upd: Found new update 'kopete-update-icq-server/r1'
2011-07-12T14:22:07 kopete-update_icq_server.upd: Running script 'kopete-update_icq_server.pl'
2011-07-12T14:22:07 Checking update-file '/usr/share/apps/kconf_update/kfmclient_3_2.upd' for new updates
2011-07-12T14:22:07 kfmclient_3_2.upd: Found new update 'kfmclient_3_2'
2011-07-12T14:22:07 kfmclient_3_2.upd: File 'kfmclientrc' does not exist or empty, skipping
2011-07-12T14:22:07 Checking update-file '/usr/share/apps/kconf_update/kded.upd' for new updates
2011-07-12T14:22:07 kded.upd: Found new update 'kde3.0'
2011-07-12T14:22:07 kded.upd: File 'kdedrc' does not exist or empty, skipping
2011-07-12T14:22:07 Checking update-file '/usr/share/apps/kconf_update/ksslcertificatemanager.upd' for new updates
2011-07-12T14:22:07 ksslcertificatemanager.upd: Found new update 'kde4.2'
2011-07-12T14:22:07 ksslcertificatemanager.upd: Running script 'ksslcertificatemanager.upd.sh'
2011-07-12T14:22:07 [Script] rm: cannot remove `/home/colin/.local/config/kde//share/config/ksslcertificatemanager': No such file or directory
2011-07-12T14:22:07 ksslcertificatemanager.upd: !! An error occurred while running 'sh /usr/share/apps/kconf_update/ksslcertificatemanager.upd.sh'
2011-07-12T14:22:07 Checking update-file '/usr/share/apps/kconf_update/kwin_on_off.upd' for new updates
2011-07-12T14:22:07 kwin_on_off.upd: Found new update 'kwin_on_off'
2011-07-12T14:22:07 kwin_on_off.upd: File 'kwinrc' does not exist or empty, skipping
2011-07-12T14:22:07 Checking update-file '/usr/share/apps/kconf_update/audiocd.upd' for new updates
2011-07-12T14:22:07 audiocd.upd: Found new update '1'
2011-07-12T14:22:07 audiocd.upd: File 'kcmaudiocdrc' does not exist or empty, skipping
2011-07-12T14:22:07 Checking update-file '/usr/share/apps/kconf_update/kwinupdatewindowsettings.upd' for new updates
2011-07-12T14:22:07 kwinupdatewindowsettings.upd: Found new update 'kde33b1'
2011-07-12T14:22:07 kwinupdatewindowsettings.upd: Running script 'kwin_update_window_settings'
2011-07-12T14:22:07 Checking update-file '/usr/share/apps/kconf_update/kaccel.upd' for new updates
2011-07-12T14:22:07 kaccel.upd: Found new update 'kde3.3/r1'
2011-07-12T14:22:07 kaccel.upd: File 'kdeglobals' does not exist or empty, skipping
2011-07-12T14:22:07 Checking update-file '/usr/share/apps/kconf_update/krdb_libpathwipe.upd' for new updates
2011-07-12T14:22:07 krdb_libpathwipe.upd: Found new update 'LibraryPathWipeOut'
2011-07-12T14:22:07 krdb_libpathwipe.upd: Running script 'krdb_clearlibrarypath'
2011-07-12T14:22:07 Checking update-file '/usr/share/apps/kconf_update/kopete-pluginloader2.upd' for new updates
2011-07-12T14:22:07 kopete-pluginloader2.upd: Found new update 'kopete0.8/r1'
2011-07-12T14:22:07 kopete-pluginloader2.upd: Running script 'kopete-pluginloader2.sh'
2011-07-12T14:22:07 [Script] /usr/share/apps/kconf_update/kopete-pluginloader2.sh: line 9: kde-config: command not found
2011-07-12T14:22:07 Checking update-file '/usr/share/apps/kconf_update/kate-2.4.upd' for new updates
2011-07-12T14:22:07 kate-2.4.upd: Found new update 'kate2.4'
2011-07-12T14:22:07 kate-2.4.upd: Updating katerc:Filelist:Sort Type to ''
2011-07-12T14:22:07 kate-2.4.upd: Removing katerc:General:Sort Type of File List, moved.
2011-07-12T14:22:07 Checking update-file '/usr/share/apps/kconf_update/kwiniconify.upd' for new updates
2011-07-12T14:22:07 kwiniconify.upd: Found new update 'iconifyupd3.1'
2011-07-12T14:22:07 kwiniconify.upd: File 'kwin.eventsrc' does not exist or empty, skipping
2011-07-12T14:22:07 Checking update-file '/usr/share/apps/kconf_update/kio_help.upd' for new updates
2011-07-12T14:22:07 kio_help.upd: Found new update 'kde3_2'
2011-07-12T14:22:07 kio_help.upd: Running script 'move_kio_help_cache.sh'
2011-07-12T14:22:07 [Script] mv: cannot stat `/home/colin/.local/config/kde/share/apps/kio_help/cache': No such file or directory
2011-07-12T14:22:07 [Script] rmdir: failed to remove `/home/colin/.local/config/kde/share/apps/kio_help': No such file or directory
2011-07-12T14:22:07 Checking update-file '/usr/share/apps/kconf_update/favicons.upd' for new updates
2011-07-12T14:22:07 favicons.upd: Found new update 'kde3_2'
2011-07-12T14:22:07 favicons.upd: Running script 'move_favicons.sh'
2011-07-12T14:22:07 Checking update-file '/usr/share/apps/kconf_update/kwin_update_tabbox_settings.upd' for new updates
2011-07-12T14:22:07 kwin_update_tabbox_settings.upd: Found new update 'Kwin-4.4'
2011-07-12T14:22:07 kwin_update_tabbox_settings.upd: Running script 'kwin_update_tabbox_settings'
2011-07-12T14:22:07 Checking update-file '/usr/share/apps/kconf_update/knode.upd' for new updates
2011-07-12T14:22:07 knode.upd: Found new update '001'
2011-07-12T14:22:07 knode.upd: File 'knoderc' does not exist or empty, skipping
2011-07-12T14:22:07 Checking update-file '/usr/share/apps/kconf_update/kwin_fsp_workarounds_1.upd' for new updates
2011-07-12T14:22:07 kwin_fsp_workarounds_1.upd: Found new update 'kde351'
2011-07-12T14:22:07 kwin_fsp_workarounds_1.upd: Running script 'kwin_update_default_rules' with arguments 'fsp_workarounds_1.kwinrules'
2011-07-12T14:22:07 Checking update-file '/usr/share/apps/kconf_update/kcmdisplayrc.upd' for new updates
2011-07-12T14:22:07 kcmdisplayrc.upd: Found new update 'kde3'
2011-07-12T14:22:07 kcmdisplayrc.upd: File 'kcmdisplayrc' does not exist or empty, skipping
2011-07-12T14:22:07 Checking update-file '/usr/share/apps/kconf_update/kopete-jabberpriorityaddition-kconf_update.upd' for new updates
2011-07-12T14:22:07 kopete-jabberpriorityaddition-kconf_update.upd: Found new update 'kopete0.9/r1'
2011-07-12T14:22:07 kopete-jabberpriorityaddition-kconf_update.upd: Running script 'kopete-jabberpriorityaddition-kconf_update.sh'
2011-07-20T20:43:54 Checking update-file '/usr/share/apps/kconf_update/kcookiescfg.upd' for new updates
2011-07-20T20:43:54 Checking update-file '/usr/share/apps/kconf_update/kioslave.upd' for new updates
2011-07-20T20:43:54 kioslave.upd: Found new update 'kde2.2/r1'
2011-07-20T20:43:54 kioslave.upd: Skipping update 'kde2.2/r1'
2011-07-20T20:43:54 kioslave.upd: File 'kioslaverc' does not exist or empty, skipping
2011-07-20T20:43:54 Checking update-file '/usr/share/apps/kconf_update/plasma_popupapplet_fix_groups.upd' for new updates
2011-07-20T20:43:54 Checking update-file '/usr/share/apps/kconf_update/kded.upd' for new updates
2011-07-20T20:43:54 Checking update-file '/usr/share/apps/kconf_update/ksslcertificatemanager.upd' for new updates
2011-07-20T20:43:54 Checking update-file '/usr/share/apps/kconf_update/kio_help.upd' for new updates
2011-07-20T20:45:18 Checking update-file '/usr/share/apps/kconf_update/kcmcddb-emailsettings.upd' for new updates
2011-07-20T20:45:18 Checking update-file '/usr/share/apps/kconf_update/audiocd.upd' for new updates
2011-07-25T20:06:37 Checking update-file '/usr/share/apps/kconf_update/kmail.upd' for new updates
2011-07-25T20:06:37 kmail.upd: Checking update '1'
2011-07-25T20:06:37 kmail.upd: Skipping update '1'
2011-07-25T20:06:37 kmail.upd: File 'kmail2rc' does not exist or empty, skipping
2011-07-25T20:06:37 kmail.upd: Checking update '4'
2011-07-25T20:06:37 kmail.upd: Skipping update '4'
2011-07-25T20:06:37 kmail.upd: File 'kmail2rc' does not exist or empty, skipping
2011-07-25T20:06:37 kmail.upd: Checking update '5'
2011-07-25T20:06:37 kmail.upd: Skipping update '5'
2011-07-25T20:06:37 kmail.upd: File 'kmail2rc' does not exist or empty, skipping
2011-07-25T20:06:37 kmail.upd: Checking update '6'
2011-07-25T20:06:37 kmail.upd: Skipping update '6'
2011-07-25T20:06:37 kmail.upd: File 'kmail2rc' does not exist or empty, skipping
2011-07-25T20:06:37 kmail.upd: Checking update '7'
2011-07-25T20:06:37 kmail.upd: Skipping update '7'
2011-07-25T20:06:37 kmail.upd: File 'kmail2rc' does not exist or empty, skipping
2011-07-25T20:06:37 kmail.upd: Checking update '8'
2011-07-25T20:06:37 kmail.upd: Skipping update '8'
2011-07-25T20:06:37 kmail.upd: File 'kmail2rc' does not exist or empty, skipping
2011-07-25T20:06:37 kmail.upd: Checking update '9'
2011-07-25T20:06:37 kmail.upd: Skipping update '9'
2011-07-25T20:06:37 kmail.upd: File 'kmail2rc' does not exist or empty, skipping
2011-07-25T20:06:37 kmail.upd: Checking update '3.1-update-identities'
2011-07-25T20:06:37 kmail.upd: Skipping update '3.1-update-identities'
2011-07-25T20:06:37 kmail.upd: File 'kmail2rc' does not exist or empty, skipping
2011-07-25T20:06:37 kmail.upd: Checking update '3.1-use-identity-uoids'
2011-07-25T20:06:37 kmail.upd: Skipping update '3.1-use-identity-uoids'
2011-07-25T20:06:37 kmail.upd: File 'kmail2rc' does not exist or empty, skipping
2011-07-25T20:06:37 kmail.upd: Checking update '3.1-new-mail-notification'
2011-07-25T20:06:37 kmail.upd: Skipping update '3.1-new-mail-notification'
2011-07-25T20:06:37 kmail.upd: File 'kmail2rc' does not exist or empty, skipping
2011-07-25T20:06:37 kmail.upd: Checking update '3.2-update-loop-on-goto-unread-settings'
2011-07-25T20:06:37 kmail.upd: Skipping update '3.2-update-loop-on-goto-unread-settings'
2011-07-25T20:06:37 kmail.upd: File 'kmail2rc' does not exist or empty, skipping
2011-07-25T20:06:37 kmail.upd: Checking update '3.1.4-dont-use-UOID-0-for-any-identity'
2011-07-25T20:06:37 kmail.upd: Skipping update '3.1.4-dont-use-UOID-0-for-any-identity'
2011-07-25T20:06:37 kmail.upd: File 'kmail2rc' does not exist or empty, skipping
2011-07-25T20:06:37 kmail.upd: Checking update '3.2-misc'
2011-07-25T20:06:37 kmail.upd: Skipping update '3.2-misc'
2011-07-25T20:06:37 kmail.upd: File 'kmail2rc' does not exist or empty, skipping
2011-07-25T20:06:37 kmail.upd: Checking update '3.2-moves'
2011-07-25T20:06:37 kmail.upd: Skipping update '3.2-moves'
2011-07-25T20:06:37 kmail.upd: File 'kmail2rc' does not exist or empty, skipping
2011-07-25T20:06:37 kmail.upd: Checking update '3.3-use-ID-for-accounts'
2011-07-25T20:06:37 kmail.upd: Skipping update '3.3-use-ID-for-accounts'
2011-07-25T20:06:37 kmail.upd: File 'kmail2rc' does not exist or empty, skipping
2011-07-25T20:06:37 kmail.upd: Checking update '3.3-update-filter-rules'
2011-07-25T20:06:37 kmail.upd: Skipping update '3.3-update-filter-rules'
2011-07-25T20:06:37 kmail.upd: File 'kmail2rc' does not exist or empty, skipping
2011-07-25T20:06:37 kmail.upd: Checking update '3.3-move-identities-to-own-file'
2011-07-25T20:06:37 kmail.upd: Skipping update '3.3-move-identities-to-own-file'
2011-07-25T20:06:37 kmail.upd: File 'kmail2rc' does not exist or empty, skipping
2011-07-25T20:06:37 kmail.upd: Checking update '3.3-aegypten-kpgprc-to-kmailrc'
2011-07-25T20:06:38 kmail.upd: Skipping update '3.3-aegypten-kpgprc-to-kmailrc'
2011-07-25T20:06:38 kmail.upd: File 'kpgprc' does not exist or empty, skipping
2011-07-25T20:06:38 kmail.upd: Checking update '3.3-aegypten-kpgprc-to-libkleopatrarc'
2011-07-25T20:06:38 kmail.upd: Skipping update '3.3-aegypten-kpgprc-to-libkleopatrarc'
2011-07-25T20:06:38 kmail.upd: File 'kpgprc' does not exist or empty, skipping
2011-07-25T20:06:38 kmail.upd: Checking update '3.3-aegypten-emailidentities-split-sign-encr-keys'
2011-07-25T20:06:38 kmail.upd: Skipping update '3.3-aegypten-emailidentities-split-sign-encr-keys'
2011-07-25T20:06:38 kmail.upd: File 'emailidentities' does not exist or empty, skipping
2011-07-25T20:06:38 kmail.upd: Checking update '3.3-misc'
2011-07-25T20:06:38 kmail.upd: Skipping update '3.3-misc'
2011-07-25T20:06:38 kmail.upd: File 'kmail2rc' does not exist or empty, skipping
2011-07-25T20:06:38 kmail.upd: Checking update '3.3b1-misc'
2011-07-25T20:06:38 kmail.upd: Skipping update '3.3b1-misc'
2011-07-25T20:06:38 kmail.upd: File 'kmail2rc' does not exist or empty, skipping
2011-07-25T20:06:38 kmail.upd: Checking update '3.4'
2011-07-25T20:06:38 kmail.upd: Skipping update '3.4'
2011-07-25T20:06:38 kmail.upd: File 'kmail2rc' does not exist or empty, skipping
2011-07-25T20:06:38 kmail.upd: Checking update '3.4a'
2011-07-25T20:06:38 kmail.upd: Skipping update '3.4a'
2011-07-25T20:06:38 kmail.upd: File 'kmail2rc' does not exist or empty, skipping
2011-07-25T20:06:38 kmail.upd: Checking update '3.4b'
2011-07-25T20:06:38 kmail.upd: Skipping update '3.4b'
2011-07-25T20:06:38 kmail.upd: File 'kmail2rc' does not exist or empty, skipping
2011-07-25T20:06:38 kmail.upd: Checking update '3.4.1'
2011-07-25T20:06:38 kmail.upd: Skipping update '3.4.1'
2011-07-25T20:06:38 kmail.upd: File 'kmail2rc' does not exist or empty, skipping
2011-07-25T20:06:38 kmail.upd: Checking update '3.5.4'
2011-07-25T20:06:38 kmail.upd: Skipping update '3.5.4'
2011-07-25T20:06:38 kmail.upd: File 'kmail2rc' does not exist or empty, skipping
2011-07-25T20:06:38 kmail.upd: Checking update '3.5.7-imap-flag-migration'
2011-07-25T20:06:38 kmail.upd: Skipping update '3.5.7-imap-flag-migration'
2011-07-25T20:06:38 kmail.upd: File 'kmail2rc' does not exist or empty, skipping
2011-07-25T20:06:38 kmail.upd: Checking update '4.0-misc'
2011-07-25T20:06:38 kmail.upd: Skipping update '4.0-misc'
2011-07-25T20:06:38 kmail.upd: File 'kmail2rc' does not exist or empty, skipping
2011-07-25T20:06:38 kmail.upd: Checking update '4.2'
2011-07-25T20:06:38 kmail.upd: Skipping update '4.2'
2011-07-25T20:06:38 kmail.upd: File 'kmail2rc' does not exist or empty, skipping
2011-07-25T20:06:38 kmail.upd: Checking update '4.4-akonadi'
2011-07-25T20:06:38 kmail.upd: Skipping update '4.4-akonadi'
2011-07-25T20:06:38 kmail.upd: File 'kmail2rc' does not exist or empty, skipping
2011-07-25T20:06:38 kmail.upd: Checking update '4.6-akonadi'
2011-07-25T20:06:38 kmail.upd: Skipping update '4.6-akonadi'
2011-07-25T20:06:38 kmail.upd: File 'kmail2rc' does not exist or empty, skipping
2011-07-25T20:06:38 kmail.upd: Checking update '4.6-before-migrate-akonadi'
2011-07-25T20:06:38 kmail.upd: Skipping update '4.6-before-migrate-akonadi'
2011-07-25T20:06:38 kmail.upd: File 'kmailrc' does not exist or empty, skipping
2011-07-25T20:06:38 Checking update-file '/usr/share/apps/kconf_update/kmail.upd' for new updates
2011-07-25T20:06:38 kmail.upd: Checking update '1'
2011-07-25T20:06:38 kmail.upd: Skipping update '1'
2011-07-25T20:06:38 kmail.upd: File 'kmail2rc' does not exist or empty, skipping
2011-07-25T20:06:38 kmail.upd: Checking update '4'
2011-07-25T20:06:38 kmail.upd: Skipping update '4'
2011-07-25T20:06:38 kmail.upd: File 'kmail2rc' does not exist or empty, skipping
2011-07-25T20:06:38 kmail.upd: Checking update '5'
2011-07-25T20:06:38 kmail.upd: Skipping update '5'
2011-07-25T20:06:38 kmail.upd: File 'kmail2rc' does not exist or empty, skipping
2011-07-25T20:06:38 kmail.upd: Checking update '6'
2011-07-25T20:06:38 kmail.upd: Skipping update '6'
2011-07-25T20:06:38 kmail.upd: File 'kmail2rc' does not exist or empty, skipping
2011-07-25T20:06:38 kmail.upd: Checking update '7'
2011-07-25T20:06:38 kmail.upd: Skipping update '7'
2011-07-25T20:06:38 kmail.upd: File 'kmail2rc' does not exist or empty, skipping
2011-07-25T20:06:38 kmail.upd: Checking update '8'
2011-07-25T20:06:38 kmail.upd: Skipping update '8'
2011-07-25T20:06:38 kmail.upd: File 'kmail2rc' does not exist or empty, skipping
2011-07-25T20:06:38 kmail.upd: Checking update '9'
2011-07-25T20:06:38 kmail.upd: Skipping update '9'
2011-07-25T20:06:38 kmail.upd: File 'kmail2rc' does not exist or empty, skipping
2011-07-25T20:06:38 kmail.upd: Checking update '3.1-update-identities'
2011-07-25T20:06:38 kmail.upd: Skipping update '3.1-update-identities'
2011-07-25T20:06:38 kmail.upd: File 'kmail2rc' does not exist or empty, skipping
2011-07-25T20:06:38 kmail.upd: Checking update '3.1-use-identity-uoids'
2011-07-25T20:06:38 kmail.upd: Skipping update '3.1-use-identity-uoids'
2011-07-25T20:06:38 kmail.upd: File 'kmail2rc' does not exist or empty, skipping
2011-07-25T20:06:38 kmail.upd: Checking update '3.1-new-mail-notification'
2011-07-25T20:06:38 kmail.upd: Skipping update '3.1-new-mail-notification'
2011-07-25T20:06:38 kmail.upd: File 'kmail2rc' does not exist or empty, skipping
2011-07-25T20:06:38 kmail.upd: Checking update '3.2-update-loop-on-goto-unread-settings'
2011-07-25T20:06:38 kmail.upd: Skipping update '3.2-update-loop-on-goto-unread-settings'
2011-07-25T20:06:38 kmail.upd: File 'kmail2rc' does not exist or empty, skipping
2011-07-25T20:06:38 kmail.upd: Checking update '3.1.4-dont-use-UOID-0-for-any-identity'
2011-07-25T20:06:38 kmail.upd: Skipping update '3.1.4-dont-use-UOID-0-for-any-identity'
2011-07-25T20:06:38 kmail.upd: File 'kmail2rc' does not exist or empty, skipping
2011-07-25T20:06:38 kmail.upd: Checking update '3.2-misc'
2011-07-25T20:06:38 kmail.upd: Skipping update '3.2-misc'
2011-07-25T20:06:38 kmail.upd: File 'kmail2rc' does not exist or empty, skipping
2011-07-25T20:06:38 kmail.upd: Checking update '3.2-moves'
2011-07-25T20:06:38 kmail.upd: Skipping update '3.2-moves'
2011-07-25T20:06:38 kmail.upd: File 'kmail2rc' does not exist or empty, skipping
2011-07-25T20:06:38 kmail.upd: Checking update '3.3-use-ID-for-accounts'
2011-07-25T20:06:38 kmail.upd: Skipping update '3.3-use-ID-for-accounts'
2011-07-25T20:06:38 kmail.upd: File 'kmail2rc' does not exist or empty, skipping
2011-07-25T20:06:38 kmail.upd: Checking update '3.3-update-filter-rules'
2011-07-25T20:06:38 kmail.upd: Skipping update '3.3-update-filter-rules'
2011-07-25T20:06:38 kmail.upd: File 'kmail2rc' does not exist or empty, skipping
2011-07-25T20:06:38 kmail.upd: Checking update '3.3-move-identities-to-own-file'
2011-07-25T20:06:38 kmail.upd: Skipping update '3.3-move-identities-to-own-file'
2011-07-25T20:06:38 kmail.upd: File 'kmail2rc' does not exist or empty, skipping
2011-07-25T20:06:38 kmail.upd: Checking update '3.3-aegypten-kpgprc-to-kmailrc'
2011-07-25T20:06:38 kmail.upd: Skipping update '3.3-aegypten-kpgprc-to-kmailrc'
2011-07-25T20:06:38 kmail.upd: File 'kpgprc' does not exist or empty, skipping
2011-07-25T20:06:38 kmail.upd: Checking update '3.3-aegypten-kpgprc-to-libkleopatrarc'
2011-07-25T20:06:38 kmail.upd: Skipping update '3.3-aegypten-kpgprc-to-libkleopatrarc'
2011-07-25T20:06:38 kmail.upd: File 'kpgprc' does not exist or empty, skipping
2011-07-25T20:06:38 kmail.upd: Checking update '3.3-aegypten-emailidentities-split-sign-encr-keys'
2011-07-25T20:06:38 kmail.upd: Skipping update '3.3-aegypten-emailidentities-split-sign-encr-keys'
2011-07-25T20:06:38 kmail.upd: File 'emailidentities' does not exist or empty, skipping
2011-07-25T20:06:38 kmail.upd: Checking update '3.3-misc'
2011-07-25T20:06:38 kmail.upd: Skipping update '3.3-misc'
2011-07-25T20:06:38 kmail.upd: File 'kmail2rc' does not exist or empty, skipping
2011-07-25T20:06:38 kmail.upd: Checking update '3.3b1-misc'
2011-07-25T20:06:38 kmail.upd: Skipping update '3.3b1-misc'
2011-07-25T20:06:38 kmail.upd: File 'kmail2rc' does not exist or empty, skipping
2011-07-25T20:06:38 kmail.upd: Checking update '3.4'
2011-07-25T20:06:38 kmail.upd: Skipping update '3.4'
2011-07-25T20:06:38 kmail.upd: File 'kmail2rc' does not exist or empty, skipping
2011-07-25T20:06:38 kmail.upd: Checking update '3.4a'
2011-07-25T20:06:38 kmail.upd: Skipping update '3.4a'
2011-07-25T20:06:38 kmail.upd: File 'kmail2rc' does not exist or empty, skipping
2011-07-25T20:06:38 kmail.upd: Checking update '3.4b'
2011-07-25T20:06:38 kmail.upd: Skipping update '3.4b'
2011-07-25T20:06:38 kmail.upd: File 'kmail2rc' does not exist or empty, skipping
2011-07-25T20:06:38 kmail.upd: Checking update '3.4.1'
2011-07-25T20:06:38 kmail.upd: Skipping update '3.4.1'
2011-07-25T20:06:38 kmail.upd: File 'kmail2rc' does not exist or empty, skipping
2011-07-25T20:06:38 kmail.upd: Checking update '3.5.4'
2011-07-25T20:06:38 kmail.upd: Skipping update '3.5.4'
2011-07-25T20:06:38 kmail.upd: File 'kmail2rc' does not exist or empty, skipping
2011-07-25T20:06:38 kmail.upd: Checking update '3.5.7-imap-flag-migration'
2011-07-25T20:06:38 kmail.upd: Skipping update '3.5.7-imap-flag-migration'
2011-07-25T20:06:38 kmail.upd: File 'kmail2rc' does not exist or empty, skipping
2011-07-25T20:06:38 kmail.upd: Checking update '4.0-misc'
2011-07-25T20:06:38 kmail.upd: Skipping update '4.0-misc'
2011-07-25T20:06:38 kmail.upd: File 'kmail2rc' does not exist or empty, skipping
2011-07-25T20:06:38 kmail.upd: Checking update '4.2'
2011-07-25T20:06:38 kmail.upd: Skipping update '4.2'
2011-07-25T20:06:38 kmail.upd: File 'kmail2rc' does not exist or empty, skipping
2011-07-25T20:06:38 kmail.upd: Checking update '4.4-akonadi'
2011-07-25T20:06:38 kmail.upd: Skipping update '4.4-akonadi'
2011-07-25T20:06:38 kmail.upd: File 'kmail2rc' does not exist or empty, skipping
2011-07-25T20:06:38 kmail.upd: Checking update '4.6-akonadi'
2011-07-25T20:06:38 kmail.upd: Skipping update '4.6-akonadi'
2011-07-25T20:06:38 kmail.upd: File 'kmail2rc' does not exist or empty, skipping
2011-07-25T20:06:38 kmail.upd: Checking update '4.6-before-migrate-akonadi'
2011-07-25T20:06:38 kmail.upd: Skipping update '4.6-before-migrate-akonadi'
2011-07-25T20:06:38 kmail.upd: File 'kmailrc' does not exist or empty, skipping
2011-07-25T20:06:38 Checking update-file '/usr/share/apps/kconf_update/kmail.upd' for new updates
2011-07-25T20:06:38 kmail.upd: Checking update '1'
2011-07-25T20:06:38 kmail.upd: Skipping update '1'
2011-07-25T20:06:38 kmail.upd: File 'kmail2rc' does not exist or empty, skipping
2011-07-25T20:06:38 kmail.upd: Checking update '4'
2011-07-25T20:06:38 kmail.upd: Skipping update '4'
2011-07-25T20:06:38 kmail.upd: File 'kmail2rc' does not exist or empty, skipping
2011-07-25T20:06:38 kmail.upd: Checking update '5'
2011-07-25T20:06:38 kmail.upd: Skipping update '5'
2011-07-25T20:06:38 kmail.upd: File 'kmail2rc' does not exist or empty, skipping
2011-07-25T20:06:38 kmail.upd: Checking update '6'
2011-07-25T20:06:38 kmail.upd: Skipping update '6'
2011-07-25T20:06:38 kmail.upd: File 'kmail2rc' does not exist or empty, skipping
2011-07-25T20:06:38 kmail.upd: Checking update '7'
2011-07-25T20:06:38 kmail.upd: Skipping update '7'
2011-07-25T20:06:38 kmail.upd: File 'kmail2rc' does not exist or empty, skipping
2011-07-25T20:06:38 kmail.upd: Checking update '8'
2011-07-25T20:06:38 kmail.upd: Skipping update '8'
2011-07-25T20:06:38 kmail.upd: File 'kmail2rc' does not exist or empty, skipping
2011-07-25T20:06:38 kmail.upd: Checking update '9'
2011-07-25T20:06:38 kmail.upd: Skipping update '9'
2011-07-25T20:06:38 kmail.upd: File 'kmail2rc' does not exist or empty, skipping
2011-07-25T20:06:38 kmail.upd: Checking update '3.1-update-identities'
2011-07-25T20:06:38 kmail.upd: Skipping update '3.1-update-identities'
2011-07-25T20:06:38 kmail.upd: File 'kmail2rc' does not exist or empty, skipping
2011-07-25T20:06:38 kmail.upd: Checking update '3.1-use-identity-uoids'
2011-07-25T20:06:38 kmail.upd: Skipping update '3.1-use-identity-uoids'
2011-07-25T20:06:38 kmail.upd: File 'kmail2rc' does not exist or empty, skipping
2011-07-25T20:06:38 kmail.upd: Checking update '3.1-new-mail-notification'
2011-07-25T20:06:38 kmail.upd: Skipping update '3.1-new-mail-notification'
2011-07-25T20:06:38 kmail.upd: File 'kmail2rc' does not exist or empty, skipping
2011-07-25T20:06:38 kmail.upd: Checking update '3.2-update-loop-on-goto-unread-settings'
2011-07-25T20:06:38 kmail.upd: Skipping update '3.2-update-loop-on-goto-unread-settings'
2011-07-25T20:06:38 kmail.upd: File 'kmail2rc' does not exist or empty, skipping
2011-07-25T20:06:38 kmail.upd: Checking update '3.1.4-dont-use-UOID-0-for-any-identity'
2011-07-25T20:06:38 kmail.upd: Skipping update '3.1.4-dont-use-UOID-0-for-any-identity'
2011-07-25T20:06:38 kmail.upd: File 'kmail2rc' does not exist or empty, skipping
2011-07-25T20:06:38 kmail.upd: Checking update '3.2-misc'
2011-07-25T20:06:38 kmail.upd: Skipping update '3.2-misc'
2011-07-25T20:06:38 kmail.upd: File 'kmail2rc' does not exist or empty, skipping
2011-07-25T20:06:38 kmail.upd: Checking update '3.2-moves'
2011-07-25T20:06:38 kmail.upd: Skipping update '3.2-moves'
2011-07-25T20:06:38 kmail.upd: File 'kmail2rc' does not exist or empty, skipping
2011-07-25T20:06:38 kmail.upd: Checking update '3.3-use-ID-for-accounts'
2011-07-25T20:06:38 kmail.upd: Skipping update '3.3-use-ID-for-accounts'
2011-07-25T20:06:38 kmail.upd: File 'kmail2rc' does not exist or empty, skipping
2011-07-25T20:06:38 kmail.upd: Checking update '3.3-update-filter-rules'
2011-07-25T20:06:38 kmail.upd: Skipping update '3.3-update-filter-rules'
2011-07-25T20:06:38 kmail.upd: File 'kmail2rc' does not exist or empty, skipping
2011-07-25T20:06:38 kmail.upd: Checking update '3.3-move-identities-to-own-file'
2011-07-25T20:06:38 kmail.upd: Skipping update '3.3-move-identities-to-own-file'
2011-07-25T20:06:38 kmail.upd: File 'kmail2rc' does not exist or empty, skipping
2011-07-25T20:06:38 kmail.upd: Checking update '3.3-aegypten-kpgprc-to-kmailrc'
2011-07-25T20:06:38 kmail.upd: Skipping update '3.3-aegypten-kpgprc-to-kmailrc'
2011-07-25T20:06:38 kmail.upd: File 'kpgprc' does not exist or empty, skipping
2011-07-25T20:06:38 kmail.upd: Checking update '3.3-aegypten-kpgprc-to-libkleopatrarc'
2011-07-25T20:06:38 kmail.upd: Skipping update '3.3-aegypten-kpgprc-to-libkleopatrarc'
2011-07-25T20:06:38 kmail.upd: File 'kpgprc' does not exist or empty, skipping
2011-07-25T20:06:38 kmail.upd: Checking update '3.3-aegypten-emailidentities-split-sign-encr-keys'
2011-07-25T20:06:38 kmail.upd: Skipping update '3.3-aegypten-emailidentities-split-sign-encr-keys'
2011-07-25T20:06:38 kmail.upd: File 'emailidentities' does not exist or empty, skipping
2011-07-25T20:06:38 kmail.upd: Checking update '3.3-misc'
2011-07-25T20:06:38 kmail.upd: Skipping update '3.3-misc'
2011-07-25T20:06:38 kmail.upd: File 'kmail2rc' does not exist or empty, skipping
2011-07-25T20:06:38 kmail.upd: Checking update '3.3b1-misc'
2011-07-25T20:06:38 kmail.upd: Skipping update '3.3b1-misc'
2011-07-25T20:06:38 kmail.upd: File 'kmail2rc' does not exist or empty, skipping
2011-07-25T20:06:38 kmail.upd: Checking update '3.4'
2011-07-25T20:06:38 kmail.upd: Skipping update '3.4'
2011-07-25T20:06:38 kmail.upd: File 'kmail2rc' does not exist or empty, skipping
2011-07-25T20:06:38 kmail.upd: Checking update '3.4a'
2011-07-25T20:06:38 kmail.upd: Skipping update '3.4a'
2011-07-25T20:06:38 kmail.upd: File 'kmail2rc' does not exist or empty, skipping
2011-07-25T20:06:38 kmail.upd: Checking update '3.4b'
2011-07-25T20:06:38 kmail.upd: Skipping update '3.4b'
2011-07-25T20:06:38 kmail.upd: File 'kmail2rc' does not exist or empty, skipping
2011-07-25T20:06:38 kmail.upd: Checking update '3.4.1'
2011-07-25T20:06:38 kmail.upd: Skipping update '3.4.1'
2011-07-25T20:06:38 kmail.upd: File 'kmail2rc' does not exist or empty, skipping
2011-07-25T20:06:38 kmail.upd: Checking update '3.5.4'
2011-07-25T20:06:38 kmail.upd: Skipping update '3.5.4'
2011-07-25T20:06:38 kmail.upd: File 'kmail2rc' does not exist or empty, skipping
2011-07-25T20:06:38 kmail.upd: Checking update '3.5.7-imap-flag-migration'
2011-07-25T20:06:38 kmail.upd: Skipping update '3.5.7-imap-flag-migration'
2011-07-25T20:06:38 kmail.upd: File 'kmail2rc' does not exist or empty, skipping
2011-07-25T20:06:38 kmail.upd: Checking update '4.0-misc'
2011-07-25T20:06:38 kmail.upd: Skipping update '4.0-misc'
2011-07-25T20:06:38 kmail.upd: File 'kmail2rc' does not exist or empty, skipping
2011-07-25T20:06:38 kmail.upd: Checking update '4.2'
2011-07-25T20:06:38 kmail.upd: Skipping update '4.2'
2011-07-25T20:06:38 kmail.upd: File 'kmail2rc' does not exist or empty, skipping
2011-07-25T20:06:38 kmail.upd: Checking update '4.4-akonadi'
2011-07-25T20:06:38 kmail.upd: Skipping update '4.4-akonadi'
2011-07-25T20:06:38 kmail.upd: File 'kmail2rc' does not exist or empty, skipping
2011-07-25T20:06:38 kmail.upd: Checking update '4.6-akonadi'
2011-07-25T20:06:38 kmail.upd: Skipping update '4.6-akonadi'
2011-07-25T20:06:38 kmail.upd: File 'kmail2rc' does not exist or empty, skipping
2011-07-25T20:06:38 kmail.upd: Checking update '4.6-before-migrate-akonadi'
2011-07-25T20:06:38 kmail.upd: Skipping update '4.6-before-migrate-akonadi'
2011-07-25T20:06:38 kmail.upd: File 'kmailrc' does not exist or empty, skipping
2011-08-09T23:36:48 Checking update-file '/usr/share/apps/kconf_update/kcookiescfg.upd' for new updates
2011-08-09T23:36:48 Checking update-file '/usr/share/apps/kconf_update/kioslave.upd' for new updates
2011-08-09T23:36:48 kioslave.upd: Found new update 'kde2.2/r1'
2011-08-09T23:36:48 kioslave.upd: Skipping update 'kde2.2/r1'
2011-08-09T23:36:48 kioslave.upd: File 'kioslaverc' does not exist or empty, skipping
2011-08-09T23:36:48 Checking update-file '/usr/share/apps/kconf_update/plasma_popupapplet_fix_groups.upd' for new updates
2011-08-09T23:36:48 Checking update-file '/usr/share/apps/kconf_update/kded.upd' for new updates
2011-08-09T23:36:48 Checking update-file '/usr/share/apps/kconf_update/ksslcertificatemanager.upd' for new updates
2011-08-09T23:36:48 Checking update-file '/usr/share/apps/kconf_update/kio_help.upd' for new updates
2011-08-09T23:37:12 Checking update-file '/usr/share/apps/kconf_update/mailtransports.upd' for new updates
2011-08-09T23:38:01 Checking update-file '/usr/share/apps/kconf_update/devicepreference.upd' for new updates
2011-08-09T23:38:01 Checking update-file '/usr/share/apps/kconf_update/kuriikwsfilter.upd' for new updates
2011-08-09T23:38:36 Checking update-file '/usr/share/apps/kconf_update/kwin3_plugin.upd' for new updates
2011-08-09T23:38:36 Checking update-file '/usr/share/apps/kconf_update/plasmarc-to-plasmadesktoprc.upd' for new updates
2011-08-09T23:38:36 Checking update-file '/usr/share/apps/kconf_update/kwin_focus2.upd' for new updates
2011-08-09T23:38:36 Checking update-file '/usr/share/apps/kconf_update/ksmserver_shortcuts.upd' for new updates
2011-08-09T23:38:36 Checking update-file '/usr/share/apps/kconf_update/mouse_cursor_theme.upd' for new updates
2011-08-09T23:38:36 Checking update-file '/usr/share/apps/kconf_update/kwin.upd' for new updates
2011-08-09T23:38:36 Checking update-file '/usr/share/apps/kconf_update/ksmserver.upd' for new updates
2011-08-09T23:38:36 Checking update-file '/usr/share/apps/kconf_update/plasma-to-plasmadesktop-shortcuts.upd' for new updates
2011-08-09T23:38:36 Checking update-file '/usr/share/apps/kconf_update/kwin_window_shortcuts.upd' for new updates
2011-08-09T23:38:36 Checking update-file '/usr/share/apps/kconf_update/plasma-add-shortcut-to-menu.upd' for new updates
2011-08-09T23:38:36 plasma-add-shortcut-to-menu.upd: Found new update '4.1LauncherShortcut'
2011-08-09T23:38:36 plasma-add-shortcut-to-menu.upd:2:'Script=plasma-add-shortcut-to-menu-update': Script 'plasma-add-shortcut-to-menu-update' not found
2011-08-09T23:38:36 Checking update-file '/usr/share/apps/kconf_update/kwinsticky.upd' for new updates
2011-08-09T23:38:36 Checking update-file '/usr/share/apps/kconf_update/klipper-kconfigxt.upd' for new updates
2011-08-09T23:38:36 Checking update-file '/usr/share/apps/kconf_update/kwin_focus1.upd' for new updates
2011-08-09T23:38:36 Checking update-file '/usr/share/apps/kconf_update/kwin_remove_effects.upd' for new updates
2011-08-09T23:38:36 kwin_remove_effects.upd: Found new update 'kwin4.7_effects'
2011-08-09T23:38:36 Checking update-file '/usr/share/apps/kconf_update/kwin_on_off.upd' for new updates
2011-08-09T23:38:36 Checking update-file '/usr/share/apps/kconf_update/kwinupdatewindowsettings.upd' for new updates
2011-08-09T23:38:36 Checking update-file '/usr/share/apps/kconf_update/kaccel.upd' for new updates
2011-08-09T23:38:36 Checking update-file '/usr/share/apps/kconf_update/krdb_libpathwipe.upd' for new updates
2011-08-09T23:38:36 Checking update-file '/usr/share/apps/kconf_update/kwiniconify.upd' for new updates
2011-08-09T23:38:36 Checking update-file '/usr/share/apps/kconf_update/kwin_update_tabbox_settings.upd' for new updates
2011-08-09T23:38:36 Checking update-file '/usr/share/apps/kconf_update/kwin_fsp_workarounds_1.upd' for new updates
2011-08-09T23:38:36 Checking update-file '/usr/share/apps/kconf_update/kcmdisplayrc.upd' for new updates
2011-08-09T23:41:50 Checking update-file '/usr/share/apps/kconf_update/favicons.upd' for new updates
2011-08-09T23:41:59 Checking update-file '/usr/share/apps/kconf_update/kfmclient_3_2.upd' for new updates
2011-08-09T23:46:35 Checking update-file '/usr/share/apps/kconf_update/katomic-levelset.upd' for new updates
2011-08-09T23:48:11 Checking update-file '/usr/share/apps/kconf_update/klickety.upd' for new updates
2011-08-09T23:51:44 Checking update-file '/usr/share/apps/kconf_update/kcmcddb-emailsettings.upd' for new updates
2011-08-09T23:51:44 Checking update-file '/usr/share/apps/kconf_update/audiocd.upd' for new updates
2011-08-09T23:52:15 Checking update-file '/usr/share/apps/kconf_update/kopete-update_yahoo_server.upd' for new updates
2011-08-09T23:52:15 Checking update-file '/usr/share/apps/kconf_update/kopete-initialstatus.upd' for new updates
2011-08-09T23:52:15 Checking update-file '/usr/share/apps/kconf_update/kopete-pluginloader.upd' for new updates
2011-08-09T23:52:15 Checking update-file '/usr/share/apps/kconf_update/kopete-nameTracking.upd' for new updates
2011-08-09T23:52:15 kopete-nameTracking.upd: Found new update 'kopete0.9/r1'
2011-08-09T23:52:15 kopete-nameTracking.upd: Skipping update 'kopete0.9/r1'
2011-08-09T23:52:15 Checking update-file '/usr/share/apps/kconf_update/kopete-account-kconf_update.upd' for new updates
2011-08-09T23:52:15 Checking update-file '/usr/share/apps/kconf_update/kopete-gaim_to_pidgin_style.upd' for new updates
2011-08-09T23:52:15 Checking update-file '/usr/share/apps/kconf_update/kopete-jabberproxytype-kconf_update.upd' for new updates
2011-08-09T23:52:15 Checking update-file '/usr/share/apps/kconf_update/kopete-update_icq_server.upd' for new updates
2011-08-09T23:52:15 Checking update-file '/usr/share/apps/kconf_update/kopete-pluginloader2.upd' for new updates
2011-08-09T23:52:15 Checking update-file '/usr/share/apps/kconf_update/kopete-jabberpriorityaddition-kconf_update.upd' for new updates
2011-08-09T23:52:37 Checking update-file '/usr/share/apps/kconf_update/kpgp.upd' for new updates
2011-08-09T23:53:13 Checking update-file '/usr/share/apps/kconf_update/kalarm.upd' for new updates
2011-08-09T23:53:29 Checking update-file '/usr/share/apps/kconf_update/kmail.upd' for new updates
2011-08-09T23:53:37 Checking update-file '/usr/share/apps/kconf_update/knode.upd' for new updates
2011-08-09T23:53:57 Checking update-file '/usr/share/apps/kconf_update/korganizer.upd' for new updates
2011-08-09T23:55:14 Checking update-file '/usr/share/apps/kconf_update/cervisia.upd' for new updates
2011-08-09T23:55:14 cervisia.upd: Found new update 'kde3.2/20030118'
2011-08-09T23:55:14 cervisia.upd: Skipping update 'kde3.2/20030118'
2011-08-09T23:55:41 Checking update-file '/usr/share/apps/kconf_update/kate-2.4.upd' for new updates
2011-08-09T23:57:02 Checking update-file '/usr/share/apps/kconf_update/kcalcrc.upd' for new updates
2011-08-09T23:57:02 Checking update-file '/usr/share/apps/kconf_update/kcharselect.upd' for new updates
2011-08-29T00:39:34 Checking update-file '/usr/share/apps/kconf_update/kpgp.upd' for new updates
2011-08-29T00:39:45 Checking update-file '/usr/share/apps/kconf_update/kalarm.upd' for new updates
2011-08-29T00:39:49 Checking update-file '/usr/share/apps/kconf_update/kmail.upd' for new updates
2011-08-29T00:39:52 Checking update-file '/usr/share/apps/kconf_update/knode.upd' for new updates
2011-08-29T00:40:00 Checking update-file '/usr/share/apps/kconf_update/korganizer.upd' for new updates
